<?xml version="1.0" encoding="UTF-8"?>
<!-- Generated by org.testng.reporters.JUnitReportReporter -->
<testsuite hostname="DESKTOP-KPQJQ28" failures="0" tests="1" name="com.vitiger.Test.AsssertTestNg" time="5.611" errors="0" timestamp="2022-05-05T11:41:50 IST" skipped="0">
  <testcase classname="com.vitiger.Test.AsssertTestNg" name="Hardandsofassert" time="5.611"/>
  <system-out/>
</testsuite> <!-- com.vitiger.Test.AsssertTestNg -->
