<?xml version="1.0" encoding="UTF-8"?>
<!-- Generated by org.testng.reporters.JUnitReportReporter -->
<testsuite hostname="DESKTOP-KPQJQ28" failures="0" tests="1" name="com.vTigerGenericlib.ScreenShot" time="5.513" errors="0" timestamp="2022-05-05T11:37:30 IST" skipped="0">
  <testcase classname="com.vTigerGenericlib.ScreenShot" name="vtigerscreenshot" time="5.513"/>
  <system-out/>
</testsuite> <!-- com.vTigerGenericlib.ScreenShot -->
