<?xml version="1.0" encoding="UTF-8"?>
<!-- Generated by org.testng.reporters.JUnitReportReporter -->
<testsuite hostname="DESKTOP-KPQJQ28" failures="0" tests="1" name="com.vitiger.Test.vtigerassigment" time="31.345" errors="0" timestamp="30 Apr 2022 17:17:23 GMT" skipped="0">
  <testcase classname="com.vitiger.Test.vtigerassigment" name="vtigerass" time="31.345"/>
</testsuite> <!-- com.vitiger.Test.vtigerassigment -->
